<?xml version="1.0" encoding="UTF-8"?>
<!-- Generated by org.testng.reporters.JUnitReportReporter -->
<testsuite hostname="LAPTOP-E32PFOO6" failures="0" tests="1" name="loginpage.Prag1" time="4.770" errors="0" timestamp="2019-11-13T10:43:26 IST" skipped="0">
  <testcase classname="loginpage.Prag1" name="TC_1" time="4.770"/>
</testsuite> <!-- loginpage.Prag1 -->
