<?xml version="1.0" encoding="UTF-8"?>
<!-- Generated by org.testng.reporters.JUnitReportReporter -->
<testsuite hostname="LAPTOP-E32PFOO6" failures="0" tests="3" name="loginpage.login" time="29.755" errors="0" timestamp="2019-11-07T10:34:41 IST" skipped="0">
  <testcase classname="loginpage.login" name="TC0003" time="10.607"/>
  <testcase classname="loginpage.login" name="TC0001" time="9.446"/>
  <testcase classname="loginpage.login" name="TC0002" time="9.702"/>
</testsuite> <!-- loginpage.login -->
